<?xml version="1.0" encoding="UTF-8"?>
<!-- Generated by org.testng.reporters.JUnitReportReporter -->
<testsuite hostname="DESKTOP-G5CFHVP" failures="0" tests="3" name="com.example.AppTest" time="36.707" errors="0" timestamp="2024-04-26T21:56:39 IST" skipped="0">
  <testcase classname="com.example.AppTest" name="verifyChetan" time="17.534"/>
  <testcase classname="com.example.AppTest" name="AudioBooks" time="9.160"/>
  <testcase classname="com.example.AppTest" name="BandN" time="10.013"/>
</testsuite> <!-- com.example.AppTest -->
